#
# There is insufficient memory for the Java Runtime Environment to continue.
# Native memory allocation (malloc) failed to allocate 32744 bytes for ChunkPool::allocate
# Possible reasons:
#   The system is out of physical RAM or swap space
#   The process is running with CompressedOops enabled, and the Java Heap may be blocking the growth of the native heap
# Possible solutions:
#   Reduce memory load on the system
#   Increase physical memory or swap space
#   Check if swap backing store is full
#   Decrease Java heap size (-Xmx/-Xms)
#   Decrease number of Java threads
#   Decrease Java thread stack sizes (-Xss)
#   Set larger code cache with -XX:ReservedCodeCacheSize=
#   JVM is running with Zero Based Compressed Oops mode in which the Java heap is
#     placed in the first 32GB address space. The Java Heap base address is the
#     maximum limit for the native heap growth. Please use -XX:HeapBaseMinAddress
#     to set the Java Heap base and to place the Java Heap above 32GB virtual address.
# This output file may be truncated or incomplete.
#
#  Out of Memory Error (arena.cpp:78), pid=21888, tid=13784
#
# JRE version: Java(TM) SE Runtime Environment (17.0.8+9) (build 17.0.8+9-LTS-211)
# Java VM: Java HotSpot(TM) 64-Bit Server VM (17.0.8+9-LTS-211, mixed mode, emulated-client, sharing, tiered, compressed oops, compressed class ptrs, g1 gc, windows-amd64)
# No core dump will be written. Minidumps are not enabled by default on client versions of Windows
#

---------------  S U M M A R Y ------------

Command Line: -XX:TieredStopAtLevel=1 -Dspring.output.ansi.enabled=always -Dcom.sun.management.jmxremote -Dspring.jmx.enabled=true -Dspring.liveBeansView.mbeanDomain -Dspring.application.admin.enabled=true -Dmanagement.endpoints.jmx.exposure.include=* -javaagent:C:\Program Files\JetBrains\IntelliJ IDEA 2023.2.1\lib\idea_rt.jar=64168:C:\Program Files\JetBrains\IntelliJ IDEA 2023.2.1\bin -Dfile.encoding=UTF-8 tn.spring.pispring.PiSpringApplication

Host: 11th Gen Intel(R) Core(TM) i5-1135G7 @ 2.40GHz, 8 cores, 11G,  Windows 11 , 64 bit Build 22621 (10.0.22621.3235)
Time: Fri Mar 29 02:03:13 2024 Afr. centrale Ouest elapsed time: 39.635146 seconds (0d 0h 0m 39s)

---------------  T H R E A D  ---------------

Current thread (0x000001ee7c665bc0):  JavaThread "C1 CompilerThread2" daemon [_thread_in_native, id=13784, stack(0x000000e56fb00000,0x000000e56fc00000)]


Current CompileTask:
C1:  39635 10031   !   1       org.apache.catalina.core.StandardContextValve::invoke (175 bytes)

Stack: [0x000000e56fb00000,0x000000e56fc00000]
Native frames: (J=compiled Java code, j=interpreted, Vv=VM code, C=native code)
V  [jvm.dll+0x677d0a]
V  [jvm.dll+0x7d8c54]
V  [jvm.dll+0x7da3fe]
V  [jvm.dll+0x7daa63]
V  [jvm.dll+0x245c5f]
V  [jvm.dll+0xaacc0]
V  [jvm.dll+0xab00c]
V  [jvm.dll+0x137fec]
V  [jvm.dll+0x144a54]
V  [jvm.dll+0x138bc1]
V  [jvm.dll+0x1480f6]
V  [jvm.dll+0x1342a0]
V  [jvm.dll+0x134600]
V  [jvm.dll+0x1348c8]
V  [jvm.dll+0x133d61]
V  [jvm.dll+0x135a0d]
V  [jvm.dll+0x2270be]
V  [jvm.dll+0x22535b]
V  [jvm.dll+0x78e7bc]
V  [jvm.dll+0x788bba]
V  [jvm.dll+0x676b35]
C  [ucrtbase.dll+0x29363]
C  [KERNEL32.DLL+0x1257d]
C  [ntdll.dll+0x5aa58]


---------------  P R O C E S S  ---------------

Threads class SMR info:
_java_thread_list=0x000001ee7c938840, length=36, elements={
0x000001ee34a2ad80, 0x000001ee34a2c0d0, 0x000001ee34a3d220, 0x000001ee34a3ede0,
0x000001ee34a42040, 0x000001ee34a455b0, 0x000001ee34a49cb0, 0x000001ee34a4cd70,
0x000001ee34a13590, 0x000001ee7a0fc890, 0x000001ee7a0fcd60, 0x000001ee7a20ad50,
0x000001ee7a6fc9a0, 0x000001ee7a723cc0, 0x000001ee7b51a270, 0x000001ee7b51a740,
0x000001ee7b51ac10, 0x000001ee7b666040, 0x000001ee7b929570, 0x000001ee7b926a20,
0x000001ee7b927890, 0x000001ee7b927d60, 0x000001ee7b928230, 0x000001ee7b928700,
0x000001ee7b928bd0, 0x000001ee7b929a40, 0x000001ee7b926080, 0x000001ee7b926550,
0x000001ee7c636570, 0x000001ee7c630530, 0x000001ee7c635bd0, 0x000001ee7c633a20,
0x000001ee7c633080, 0x000001ee7c62fb90, 0x000001ee7b92be80, 0x000001ee7c665bc0
}

Java Threads: ( => current thread )
  0x000001ee34a2ad80 JavaThread "Reference Handler" daemon [_thread_blocked, id=26788, stack(0x000000e56cb00000,0x000000e56cc00000)]
  0x000001ee34a2c0d0 JavaThread "Finalizer" daemon [_thread_blocked, id=15424, stack(0x000000e56cc00000,0x000000e56cd00000)]
  0x000001ee34a3d220 JavaThread "Signal Dispatcher" daemon [_thread_blocked, id=27384, stack(0x000000e56cd00000,0x000000e56ce00000)]
  0x000001ee34a3ede0 JavaThread "Attach Listener" daemon [_thread_blocked, id=16576, stack(0x000000e56ce00000,0x000000e56cf00000)]
  0x000001ee34a42040 JavaThread "Service Thread" daemon [_thread_blocked, id=19240, stack(0x000000e56cf00000,0x000000e56d000000)]
  0x000001ee34a455b0 JavaThread "Monitor Deflation Thread" daemon [_thread_blocked, id=25520, stack(0x000000e56d000000,0x000000e56d100000)]
  0x000001ee34a49cb0 JavaThread "C1 CompilerThread0" daemon [_thread_blocked, id=22916, stack(0x000000e56d100000,0x000000e56d200000)]
  0x000001ee34a4cd70 JavaThread "Sweeper thread" daemon [_thread_blocked, id=23048, stack(0x000000e56d200000,0x000000e56d300000)]
  0x000001ee34a13590 JavaThread "Common-Cleaner" daemon [_thread_blocked, id=23788, stack(0x000000e56d300000,0x000000e56d400000)]
  0x000001ee7a0fc890 JavaThread "Monitor Ctrl-Break" daemon [_thread_in_native, id=14952, stack(0x000000e56d600000,0x000000e56d700000)]
  0x000001ee7a0fcd60 JavaThread "Notification Thread" daemon [_thread_blocked, id=11364, stack(0x000000e56d700000,0x000000e56d800000)]
  0x000001ee7a20ad50 JavaThread "RMI TCP Accept-0" daemon [_thread_in_native, id=14024, stack(0x000000e56d800000,0x000000e56d900000)]
  0x000001ee7a6fc9a0 JavaThread "RMI TCP Connection(idle)" daemon [_thread_blocked, id=1600, stack(0x000000e56e100000,0x000000e56e200000)]
  0x000001ee7a723cc0 JavaThread "RMI Scheduler(0)" daemon [_thread_blocked, id=19800, stack(0x000000e56e200000,0x000000e56e300000)]
  0x000001ee7b51a270 JavaThread "Catalina-utility-1" [_thread_blocked, id=26796, stack(0x000000e56e400000,0x000000e56e500000)]
  0x000001ee7b51a740 JavaThread "Catalina-utility-2" [_thread_blocked, id=19116, stack(0x000000e56e600000,0x000000e56e700000)]
  0x000001ee7b51ac10 JavaThread "container-0" [_thread_blocked, id=5916, stack(0x000000e56e700000,0x000000e56e800000)]
  0x000001ee7b666040 JavaThread "mysql-cj-abandoned-connection-cleanup" daemon [_thread_blocked, id=24772, stack(0x000000e56e800000,0x000000e56e900000)]
  0x000001ee7b929570 JavaThread "RMI TCP Connection(idle)" daemon [_thread_blocked, id=18012, stack(0x000000e56e900000,0x000000e56ea00000)]
  0x000001ee7b926a20 JavaThread "HikariPool-1 housekeeper" daemon [_thread_blocked, id=26172, stack(0x000000e56eb00000,0x000000e56ec00000)]
  0x000001ee7b927890 JavaThread "http-nio-8070-exec-1" daemon [_thread_blocked, id=2284, stack(0x000000e56ed00000,0x000000e56ee00000)]
  0x000001ee7b927d60 JavaThread "http-nio-8070-exec-2" daemon [_thread_blocked, id=11860, stack(0x000000e56ee00000,0x000000e56ef00000)]
  0x000001ee7b928230 JavaThread "http-nio-8070-exec-3" daemon [_thread_blocked, id=10348, stack(0x000000e56ef00000,0x000000e56f000000)]
  0x000001ee7b928700 JavaThread "http-nio-8070-exec-4" daemon [_thread_blocked, id=16652, stack(0x000000e56f000000,0x000000e56f100000)]
  0x000001ee7b928bd0 JavaThread "http-nio-8070-exec-5" daemon [_thread_blocked, id=27040, stack(0x000000e56f100000,0x000000e56f200000)]
  0x000001ee7b929a40 JavaThread "http-nio-8070-exec-6" daemon [_thread_blocked, id=20032, stack(0x000000e56f200000,0x000000e56f300000)]
  0x000001ee7b926080 JavaThread "http-nio-8070-exec-7" daemon [_thread_blocked, id=15124, stack(0x000000e56f300000,0x000000e56f400000)]
  0x000001ee7b926550 JavaThread "http-nio-8070-exec-8" daemon [_thread_blocked, id=24936, stack(0x000000e56f400000,0x000000e56f500000)]
  0x000001ee7c636570 JavaThread "http-nio-8070-exec-9" daemon [_thread_blocked, id=27632, stack(0x000000e56f500000,0x000000e56f600000)]
  0x000001ee7c630530 JavaThread "http-nio-8070-exec-10" daemon [_thread_blocked, id=11580, stack(0x000000e56f600000,0x000000e56f700000)]
  0x000001ee7c635bd0 JavaThread "http-nio-8070-Poller" daemon [_thread_in_native, id=15800, stack(0x000000e56f700000,0x000000e56f800000)]
  0x000001ee7c633a20 JavaThread "http-nio-8070-Acceptor" daemon [_thread_in_native, id=22792, stack(0x000000e56f800000,0x000000e56f900000)]
  0x000001ee7c633080 JavaThread "DestroyJavaVM" [_thread_blocked, id=20076, stack(0x000000e56c400000,0x000000e56c500000)]
  0x000001ee7c62fb90 JavaThread "RMI TCP Connection(idle)" daemon [_thread_blocked, id=13904, stack(0x000000e56f900000,0x000000e56fa00000)]
  0x000001ee7b92be80 JavaThread "C1 CompilerThread1" daemon [_thread_blocked, id=14844, stack(0x000000e56fa00000,0x000000e56fb00000)]
=>0x000001ee7c665bc0 JavaThread "C1 CompilerThread2" daemon [_thread_in_native, id=13784, stack(0x000000e56fb00000,0x000000e56fc00000)]

Other Threads:
  0x000001ee34a24c30 VMThread "VM Thread" [stack: 0x000000e56ca00000,0x000000e56cb00000] [id=19816]
  0x000001ee7a1e9760 WatcherThread [stack: 0x000000e56d900000,0x000000e56da00000] [id=21740]
  0x000001ee2077e2d0 GCTaskThread "GC Thread#0" [stack: 0x000000e56c500000,0x000000e56c600000] [id=11244]
  0x000001ee7a581190 GCTaskThread "GC Thread#1" [stack: 0x000000e56da00000,0x000000e56db00000] [id=4800]
  0x000001ee7a58af00 GCTaskThread "GC Thread#2" [stack: 0x000000e56db00000,0x000000e56dc00000] [id=10712]
  0x000001ee7a58b3c0 GCTaskThread "GC Thread#3" [stack: 0x000000e56dc00000,0x000000e56dd00000] [id=15708]
  0x000001ee7a5dba70 GCTaskThread "GC Thread#4" [stack: 0x000000e56dd00000,0x000000e56de00000] [id=16556]
  0x000001ee7a5dafb0 GCTaskThread "GC Thread#5" [stack: 0x000000e56de00000,0x000000e56df00000] [id=24724]
  0x000001ee7a5dc530 GCTaskThread "GC Thread#6" [stack: 0x000000e56df00000,0x000000e56e000000] [id=16356]
  0x000001ee7a5db260 GCTaskThread "GC Thread#7" [stack: 0x000000e56e500000,0x000000e56e600000] [id=3152]
  0x000001ee2078ad50 ConcurrentGCThread "G1 Main Marker" [stack: 0x000000e56c600000,0x000000e56c700000] [id=19752]
  0x000001ee2078c770 ConcurrentGCThread "G1 Conc#0" [stack: 0x000000e56c700000,0x000000e56c800000] [id=24568]
  0x000001ee7a5db7c0 ConcurrentGCThread "G1 Conc#1" [stack: 0x000000e56e300000,0x000000e56e400000] [id=8280]
  0x000001ee207dd0b0 ConcurrentGCThread "G1 Refine#0" [stack: 0x000000e56c800000,0x000000e56c900000] [id=19508]
  0x000001ee7a5b9940 ConcurrentGCThread "G1 Refine#1" [stack: 0x000000e56e000000,0x000000e56e100000] [id=7320]
  0x000001ee7c6a6180 ConcurrentGCThread "G1 Refine#2" [stack: 0x000000e56ec00000,0x000000e56ed00000] [id=15656]
  0x000001ee207ddad0 ConcurrentGCThread "G1 Service" [stack: 0x000000e56c900000,0x000000e56ca00000] [id=15788]

Threads with active compile tasks:
C1 CompilerThread2    39772 10031   !   1       org.apache.catalina.core.StandardContextValve::invoke (175 bytes)

VM state: not at safepoint (normal execution)

VM Mutex/Monitor currently owned by a thread: None

Heap address: 0x0000000744c00000, size: 2996 MB, Compressed Oops mode: Zero based, Oop shift amount: 3

CDS archive(s) mapped at: [0x000001ee35000000-0x000001ee35bd0000-0x000001ee35bd0000), size 12386304, SharedBaseAddress: 0x000001ee35000000, ArchiveRelocationMode: 1.
Compressed class space mapped at: 0x000001ee36000000-0x000001ee76000000, reserved size: 1073741824
Narrow klass base: 0x000001ee35000000, Narrow klass shift: 0, Narrow klass range: 0x100000000

GC Precious Log:
 CPUs: 8 total, 8 available
 Memory: 11982M
 Large Page Support: Disabled
 NUMA Support: Disabled
 Compressed Oops: Enabled (Zero based)
 Heap Region Size: 2M
 Heap Min Capacity: 8M
 Heap Initial Capacity: 188M
 Heap Max Capacity: 2996M
 Pre-touch: Disabled
 Parallel Workers: 8
 Concurrent Workers: 2
 Concurrent Refinement Workers: 8
 Periodic GC: Disabled

Heap:
 garbage-first heap   total 299008K, used 81230K [0x0000000744c00000, 0x0000000800000000)
  region size 2048K, 5 young (10240K), 1 survivors (2048K)
 Metaspace       used 71957K, committed 72640K, reserved 1114112K
  class space    used 10556K, committed 10880K, reserved 1048576K

Heap Regions: E=young(eden), S=young(survivor), O=old, HS=humongous(starts), HC=humongous(continues), CS=collection set, F=free, OA=open archive, CA=closed archive, TAMS=top-at-mark-start (previous, next)
|   0|0x0000000744c00000, 0x0000000744e00000, 0x0000000744e00000|100%| O|  |TAMS 0x0000000744e00000, 0x0000000744c00000| Untracked 
|   1|0x0000000744e00000, 0x0000000745000000, 0x0000000745000000|100%| O|  |TAMS 0x0000000745000000, 0x0000000744e00000| Untracked 
|   2|0x0000000745000000, 0x0000000745200000, 0x0000000745200000|100%| O|  |TAMS 0x0000000745200000, 0x0000000745000000| Untracked 
|   3|0x0000000745200000, 0x00000007453eb400, 0x0000000745400000| 95%| O|  |TAMS 0x00000007453eb400, 0x0000000745200000| Untracked 
|   4|0x0000000745400000, 0x0000000745600000, 0x0000000745600000|100%| O|  |TAMS 0x0000000745600000, 0x0000000745400000| Untracked 
|   5|0x0000000745600000, 0x0000000745800000, 0x0000000745800000|100%| O|  |TAMS 0x0000000745800000, 0x0000000745600000| Untracked 
|   6|0x0000000745800000, 0x0000000745a00000, 0x0000000745a00000|100%| O|  |TAMS 0x0000000745a00000, 0x0000000745800000| Untracked 
|   7|0x0000000745a00000, 0x0000000745c00000, 0x0000000745c00000|100%| O|  |TAMS 0x0000000745c00000, 0x0000000745a00000| Untracked 
|   8|0x0000000745c00000, 0x0000000745c00000, 0x0000000745e00000|  0%| F|  |TAMS 0x0000000745c00000, 0x0000000745c00000| Untracked 
|   9|0x0000000745e00000, 0x0000000746000000, 0x0000000746000000|100%| O|  |TAMS 0x0000000746000000, 0x0000000745e00000| Untracked 
|  10|0x0000000746000000, 0x0000000746200000, 0x0000000746200000|100%| O|  |TAMS 0x0000000746200000, 0x0000000746000000| Untracked 
|  11|0x0000000746200000, 0x0000000746400000, 0x0000000746400000|100%| O|  |TAMS 0x0000000746400000, 0x0000000746200000| Untracked 
|  12|0x0000000746400000, 0x0000000746600000, 0x0000000746600000|100%| O|  |TAMS 0x0000000746600000, 0x0000000746400000| Untracked 
|  13|0x0000000746600000, 0x0000000746800000, 0x0000000746800000|100%| O|  |TAMS 0x0000000746800000, 0x0000000746600000| Untracked 
|  14|0x0000000746800000, 0x0000000746a00000, 0x0000000746a00000|100%| O|  |TAMS 0x0000000746a00000, 0x0000000746800000| Untracked 
|  15|0x0000000746a00000, 0x0000000746c00000, 0x0000000746c00000|100%| O|  |TAMS 0x0000000746c00000, 0x0000000746a00000| Untracked 
|  16|0x0000000746c00000, 0x0000000746e00000, 0x0000000746e00000|100%| O|  |TAMS 0x0000000746e00000, 0x0000000746c00000| Untracked 
|  17|0x0000000746e00000, 0x0000000747000000, 0x0000000747000000|100%| O|  |TAMS 0x0000000747000000, 0x0000000746e00000| Untracked 
|  18|0x0000000747000000, 0x0000000747200000, 0x0000000747200000|100%| O|  |TAMS 0x0000000747200000, 0x0000000747000000| Untracked 
|  19|0x0000000747200000, 0x0000000747400000, 0x0000000747400000|100%| O|  |TAMS 0x0000000747400000, 0x0000000747200000| Untracked 
|  20|0x0000000747400000, 0x0000000747600000, 0x0000000747600000|100%| O|  |TAMS 0x0000000747600000, 0x0000000747400000| Untracked 
|  21|0x0000000747600000, 0x0000000747800000, 0x0000000747800000|100%| O|  |TAMS 0x0000000747800000, 0x0000000747600000| Untracked 
|  22|0x0000000747800000, 0x0000000747a00000, 0x0000000747a00000|100%| O|  |TAMS 0x0000000747a00000, 0x0000000747800000| Untracked 
|  23|0x0000000747a00000, 0x0000000747c00000, 0x0000000747c00000|100%| O|  |TAMS 0x0000000747c00000, 0x0000000747a00000| Untracked 
|  24|0x0000000747c00000, 0x0000000747e00000, 0x0000000747e00000|100%| O|  |TAMS 0x0000000747e00000, 0x0000000747c00000| Untracked 
|  25|0x0000000747e00000, 0x0000000748000000, 0x0000000748000000|100%| O|  |TAMS 0x0000000748000000, 0x0000000747e00000| Untracked 
|  26|0x0000000748000000, 0x0000000748200000, 0x0000000748200000|100%| O|  |TAMS 0x0000000748057400, 0x0000000748000000| Untracked 
|  27|0x0000000748200000, 0x0000000748400000, 0x0000000748400000|100%| O|  |TAMS 0x0000000748200000, 0x0000000748200000| Untracked 
|  28|0x0000000748400000, 0x0000000748600000, 0x0000000748600000|100%| O|  |TAMS 0x0000000748400000, 0x0000000748400000| Untracked 
|  29|0x0000000748600000, 0x0000000748800000, 0x0000000748800000|100%| O|  |TAMS 0x0000000748600000, 0x0000000748600000| Untracked 
|  30|0x0000000748800000, 0x0000000748a00000, 0x0000000748a00000|100%| O|  |TAMS 0x0000000748800000, 0x0000000748800000| Untracked 
|  31|0x0000000748a00000, 0x0000000748c00000, 0x0000000748c00000|100%| O|  |TAMS 0x0000000748a00000, 0x0000000748a00000| Untracked 
|  32|0x0000000748c00000, 0x0000000748e00000, 0x0000000748e00000|100%| O|  |TAMS 0x0000000748c00000, 0x0000000748c00000| Untracked 
|  33|0x0000000748e00000, 0x0000000749000000, 0x0000000749000000|100%| O|  |TAMS 0x0000000748e00000, 0x0000000748e00000| Untracked 
|  34|0x0000000749000000, 0x0000000749200000, 0x0000000749200000|100%| O|  |TAMS 0x0000000749000000, 0x0000000749000000| Untracked 
|  35|0x0000000749200000, 0x0000000749400000, 0x0000000749400000|100%| O|  |TAMS 0x0000000749200000, 0x0000000749200000| Untracked 
|  36|0x0000000749400000, 0x0000000749600000, 0x0000000749600000|100%| O|  |TAMS 0x0000000749400000, 0x0000000749400000| Untracked 
|  37|0x0000000749600000, 0x000000074968b600, 0x0000000749800000| 27%| O|  |TAMS 0x0000000749600000, 0x0000000749600000| Untracked 
|  38|0x0000000749800000, 0x0000000749800000, 0x0000000749a00000|  0%| F|  |TAMS 0x0000000749800000, 0x0000000749800000| Untracked 
|  39|0x0000000749a00000, 0x0000000749a00000, 0x0000000749c00000|  0%| F|  |TAMS 0x0000000749a00000, 0x0000000749a00000| Untracked 
|  40|0x0000000749c00000, 0x0000000749c00000, 0x0000000749e00000|  0%| F|  |TAMS 0x0000000749c00000, 0x0000000749c00000| Untracked 
|  41|0x0000000749e00000, 0x0000000749e00000, 0x000000074a000000|  0%| F|  |TAMS 0x0000000749e00000, 0x0000000749e00000| Untracked 
|  42|0x000000074a000000, 0x000000074a000000, 0x000000074a200000|  0%| F|  |TAMS 0x000000074a000000, 0x000000074a000000| Untracked 
|  43|0x000000074a200000, 0x000000074a200000, 0x000000074a400000|  0%| F|  |TAMS 0x000000074a200000, 0x000000074a200000| Untracked 
|  44|0x000000074a400000, 0x000000074a400000, 0x000000074a600000|  0%| F|  |TAMS 0x000000074a400000, 0x000000074a400000| Untracked 
|  45|0x000000074a600000, 0x000000074a600000, 0x000000074a800000|  0%| F|  |TAMS 0x000000074a600000, 0x000000074a600000| Untracked 
|  46|0x000000074a800000, 0x000000074a800000, 0x000000074aa00000|  0%| F|  |TAMS 0x000000074a800000, 0x000000074a800000| Untracked 
|  47|0x000000074aa00000, 0x000000074aa00000, 0x000000074ac00000|  0%| F|  |TAMS 0x000000074aa00000, 0x000000074aa00000| Untracked 
|  48|0x000000074ac00000, 0x000000074ac00000, 0x000000074ae00000|  0%| F|  |TAMS 0x000000074ac00000, 0x000000074ac00000| Untracked 
|  49|0x000000074ae00000, 0x000000074ae00000, 0x000000074b000000|  0%| F|  |TAMS 0x000000074ae00000, 0x000000074ae00000| Untracked 
|  50|0x000000074b000000, 0x000000074b000000, 0x000000074b200000|  0%| F|  |TAMS 0x000000074b000000, 0x000000074b000000| Untracked 
|  51|0x000000074b200000, 0x000000074b200000, 0x000000074b400000|  0%| F|  |TAMS 0x000000074b200000, 0x000000074b200000| Untracked 
|  52|0x000000074b400000, 0x000000074b400000, 0x000000074b600000|  0%| F|  |TAMS 0x000000074b400000, 0x000000074b400000| Untracked 
|  53|0x000000074b600000, 0x000000074b600000, 0x000000074b800000|  0%| F|  |TAMS 0x000000074b600000, 0x000000074b600000| Untracked 
|  54|0x000000074b800000, 0x000000074b800000, 0x000000074ba00000|  0%| F|  |TAMS 0x000000074b800000, 0x000000074b800000| Untracked 
|  55|0x000000074ba00000, 0x000000074ba00000, 0x000000074bc00000|  0%| F|  |TAMS 0x000000074ba00000, 0x000000074ba00000| Untracked 
|  56|0x000000074bc00000, 0x000000074bc00000, 0x000000074be00000|  0%| F|  |TAMS 0x000000074bc00000, 0x000000074bc00000| Untracked 
|  57|0x000000074be00000, 0x000000074be00000, 0x000000074c000000|  0%| F|  |TAMS 0x000000074be00000, 0x000000074be00000| Untracked 
|  58|0x000000074c000000, 0x000000074c000000, 0x000000074c200000|  0%| F|  |TAMS 0x000000074c000000, 0x000000074c000000| Untracked 
|  59|0x000000074c200000, 0x000000074c200000, 0x000000074c400000|  0%| F|  |TAMS 0x000000074c200000, 0x000000074c200000| Untracked 
|  60|0x000000074c400000, 0x000000074c400000, 0x000000074c600000|  0%| F|  |TAMS 0x000000074c400000, 0x000000074c400000| Untracked 
|  61|0x000000074c600000, 0x000000074c600000, 0x000000074c800000|  0%| F|  |TAMS 0x000000074c600000, 0x000000074c600000| Untracked 
|  62|0x000000074c800000, 0x000000074c800000, 0x000000074ca00000|  0%| F|  |TAMS 0x000000074c800000, 0x000000074c800000| Untracked 
|  63|0x000000074ca00000, 0x000000074ca00000, 0x000000074cc00000|  0%| F|  |TAMS 0x000000074ca00000, 0x000000074ca00000| Untracked 
|  64|0x000000074cc00000, 0x000000074cc00000, 0x000000074ce00000|  0%| F|  |TAMS 0x000000074cc00000, 0x000000074cc00000| Untracked 
|  65|0x000000074ce00000, 0x000000074ce00000, 0x000000074d000000|  0%| F|  |TAMS 0x000000074ce00000, 0x000000074ce00000| Untracked 
|  66|0x000000074d000000, 0x000000074d000000, 0x000000074d200000|  0%| F|  |TAMS 0x000000074d000000, 0x000000074d000000| Untracked 
|  67|0x000000074d200000, 0x000000074d200000, 0x000000074d400000|  0%| F|  |TAMS 0x000000074d200000, 0x000000074d200000| Untracked 
|  68|0x000000074d400000, 0x000000074d400000, 0x000000074d600000|  0%| F|  |TAMS 0x000000074d400000, 0x000000074d400000| Untracked 
|  69|0x000000074d600000, 0x000000074d600000, 0x000000074d800000|  0%| F|  |TAMS 0x000000074d600000, 0x000000074d600000| Untracked 
|  70|0x000000074d800000, 0x000000074d800000, 0x000000074da00000|  0%| F|  |TAMS 0x000000074d800000, 0x000000074d800000| Untracked 
|  71|0x000000074da00000, 0x000000074da00000, 0x000000074dc00000|  0%| F|  |TAMS 0x000000074da00000, 0x000000074da00000| Untracked 
|  72|0x000000074dc00000, 0x000000074dc00000, 0x000000074de00000|  0%| F|  |TAMS 0x000000074dc00000, 0x000000074dc00000| Untracked 
|  73|0x000000074de00000, 0x000000074de00000, 0x000000074e000000|  0%| F|  |TAMS 0x000000074de00000, 0x000000074de00000| Untracked 
|  74|0x000000074e000000, 0x000000074e000000, 0x000000074e200000|  0%| F|  |TAMS 0x000000074e000000, 0x000000074e000000| Untracked 
|  75|0x000000074e200000, 0x000000074e200000, 0x000000074e400000|  0%| F|  |TAMS 0x000000074e200000, 0x000000074e200000| Untracked 
|  76|0x000000074e400000, 0x000000074e400000, 0x000000074e600000|  0%| F|  |TAMS 0x000000074e400000, 0x000000074e400000| Untracked 
|  77|0x000000074e600000, 0x000000074e600000, 0x000000074e800000|  0%| F|  |TAMS 0x000000074e600000, 0x000000074e600000| Untracked 
|  78|0x000000074e800000, 0x000000074e800000, 0x000000074ea00000|  0%| F|  |TAMS 0x000000074e800000, 0x000000074e800000| Untracked 
|  79|0x000000074ea00000, 0x000000074ea00000, 0x000000074ec00000|  0%| F|  |TAMS 0x000000074ea00000, 0x000000074ea00000| Untracked 
|  80|0x000000074ec00000, 0x000000074ec00000, 0x000000074ee00000|  0%| F|  |TAMS 0x000000074ec00000, 0x000000074ec00000| Untracked 
|  81|0x000000074ee00000, 0x000000074ee00000, 0x000000074f000000|  0%| F|  |TAMS 0x000000074ee00000, 0x000000074ee00000| Untracked 
|  82|0x000000074f000000, 0x000000074f000000, 0x000000074f200000|  0%| F|  |TAMS 0x000000074f000000, 0x000000074f000000| Untracked 
|  83|0x000000074f200000, 0x000000074f200000, 0x000000074f400000|  0%| F|  |TAMS 0x000000074f200000, 0x000000074f200000| Untracked 
|  84|0x000000074f400000, 0x000000074f400000, 0x000000074f600000|  0%| F|  |TAMS 0x000000074f400000, 0x000000074f400000| Untracked 
|  85|0x000000074f600000, 0x000000074f600000, 0x000000074f800000|  0%| F|  |TAMS 0x000000074f600000, 0x000000074f600000| Untracked 
|  86|0x000000074f800000, 0x000000074f800000, 0x000000074fa00000|  0%| F|  |TAMS 0x000000074f800000, 0x000000074f800000| Untracked 
|  87|0x000000074fa00000, 0x000000074fa00000, 0x000000074fc00000|  0%| F|  |TAMS 0x000000074fa00000, 0x000000074fa00000| Untracked 
|  88|0x000000074fc00000, 0x000000074fc00000, 0x000000074fe00000|  0%| F|  |TAMS 0x000000074fc00000, 0x000000074fc00000| Untracked 
|  89|0x000000074fe00000, 0x000000074fe00000, 0x0000000750000000|  0%| F|  |TAMS 0x000000074fe00000, 0x000000074fe00000| Untracked 
|  90|0x0000000750000000, 0x0000000750000000, 0x0000000750200000|  0%| F|  |TAMS 0x0000000750000000, 0x0000000750000000| Untracked 
|  91|0x0000000750200000, 0x0000000750200000, 0x0000000750400000|  0%| F|  |TAMS 0x0000000750200000, 0x0000000750200000| Untracked 
|  92|0x0000000750400000, 0x0000000750400000, 0x0000000750600000|  0%| F|  |TAMS 0x0000000750400000, 0x0000000750400000| Untracked 
|  93|0x0000000750600000, 0x0000000750600000, 0x0000000750800000|  0%| F|  |TAMS 0x0000000750600000, 0x0000000750600000| Untracked 
|  94|0x0000000750800000, 0x0000000750800000, 0x0000000750a00000|  0%| F|  |TAMS 0x0000000750800000, 0x0000000750800000| Untracked 
|  95|0x0000000750a00000, 0x0000000750a00000, 0x0000000750c00000|  0%| F|  |TAMS 0x0000000750a00000, 0x0000000750a00000| Untracked 
|  96|0x0000000750c00000, 0x0000000750c00000, 0x0000000750e00000|  0%| F|  |TAMS 0x0000000750c00000, 0x0000000750c00000| Untracked 
|  97|0x0000000750e00000, 0x0000000750e00000, 0x0000000751000000|  0%| F|  |TAMS 0x0000000750e00000, 0x0000000750e00000| Untracked 
|  98|0x0000000751000000, 0x0000000751000000, 0x0000000751200000|  0%| F|  |TAMS 0x0000000751000000, 0x0000000751000000| Untracked 
|  99|0x0000000751200000, 0x0000000751200000, 0x0000000751400000|  0%| F|  |TAMS 0x0000000751200000, 0x0000000751200000| Untracked 
| 100|0x0000000751400000, 0x0000000751400000, 0x0000000751600000|  0%| F|  |TAMS 0x0000000751400000, 0x0000000751400000| Untracked 
| 101|0x0000000751600000, 0x0000000751600000, 0x0000000751800000|  0%| F|  |TAMS 0x0000000751600000, 0x0000000751600000| Untracked 
| 102|0x0000000751800000, 0x0000000751800000, 0x0000000751a00000|  0%| F|  |TAMS 0x0000000751800000, 0x0000000751800000| Untracked 
| 103|0x0000000751a00000, 0x0000000751a00000, 0x0000000751c00000|  0%| F|  |TAMS 0x0000000751a00000, 0x0000000751a00000| Untracked 
| 104|0x0000000751c00000, 0x0000000751c00000, 0x0000000751e00000|  0%| F|  |TAMS 0x0000000751c00000, 0x0000000751c00000| Untracked 
| 105|0x0000000751e00000, 0x0000000751e00000, 0x0000000752000000|  0%| F|  |TAMS 0x0000000751e00000, 0x0000000751e00000| Untracked 
| 106|0x0000000752000000, 0x0000000752000000, 0x0000000752200000|  0%| F|  |TAMS 0x0000000752000000, 0x0000000752000000| Untracked 
| 107|0x0000000752200000, 0x0000000752200000, 0x0000000752400000|  0%| F|  |TAMS 0x0000000752200000, 0x0000000752200000| Untracked 
| 108|0x0000000752400000, 0x0000000752400000, 0x0000000752600000|  0%| F|  |TAMS 0x0000000752400000, 0x0000000752400000| Untracked 
| 109|0x0000000752600000, 0x0000000752600000, 0x0000000752800000|  0%| F|  |TAMS 0x0000000752600000, 0x0000000752600000| Untracked 
| 110|0x0000000752800000, 0x0000000752800000, 0x0000000752a00000|  0%| F|  |TAMS 0x0000000752800000, 0x0000000752800000| Untracked 
| 111|0x0000000752a00000, 0x0000000752a00000, 0x0000000752c00000|  0%| F|  |TAMS 0x0000000752a00000, 0x0000000752a00000| Untracked 
| 112|0x0000000752c00000, 0x0000000752c00000, 0x0000000752e00000|  0%| F|  |TAMS 0x0000000752c00000, 0x0000000752c00000| Untracked 
| 113|0x0000000752e00000, 0x0000000752e00000, 0x0000000753000000|  0%| F|  |TAMS 0x0000000752e00000, 0x0000000752e00000| Untracked 
| 114|0x0000000753000000, 0x0000000753000000, 0x0000000753200000|  0%| F|  |TAMS 0x0000000753000000, 0x0000000753000000| Untracked 
| 115|0x0000000753200000, 0x0000000753200000, 0x0000000753400000|  0%| F|  |TAMS 0x0000000753200000, 0x0000000753200000| Untracked 
| 116|0x0000000753400000, 0x0000000753400000, 0x0000000753600000|  0%| F|  |TAMS 0x0000000753400000, 0x0000000753400000| Untracked 
| 117|0x0000000753600000, 0x0000000753600000, 0x0000000753800000|  0%| F|  |TAMS 0x0000000753600000, 0x0000000753600000| Untracked 
| 118|0x0000000753800000, 0x0000000753800000, 0x0000000753a00000|  0%| F|  |TAMS 0x0000000753800000, 0x0000000753800000| Untracked 
| 119|0x0000000753a00000, 0x0000000753a00000, 0x0000000753c00000|  0%| F|  |TAMS 0x0000000753a00000, 0x0000000753a00000| Untracked 
| 120|0x0000000753c00000, 0x0000000753c00000, 0x0000000753e00000|  0%| F|  |TAMS 0x0000000753c00000, 0x0000000753c00000| Untracked 
| 121|0x0000000753e00000, 0x0000000753e00000, 0x0000000754000000|  0%| F|  |TAMS 0x0000000753e00000, 0x0000000753e00000| Untracked 
| 122|0x0000000754000000, 0x0000000754000000, 0x0000000754200000|  0%| F|  |TAMS 0x0000000754000000, 0x0000000754000000| Untracked 
| 123|0x0000000754200000, 0x0000000754200000, 0x0000000754400000|  0%| F|  |TAMS 0x0000000754200000, 0x0000000754200000| Untracked 
| 124|0x0000000754400000, 0x0000000754400000, 0x0000000754600000|  0%| F|  |TAMS 0x0000000754400000, 0x0000000754400000| Untracked 
| 125|0x0000000754600000, 0x0000000754600000, 0x0000000754800000|  0%| F|  |TAMS 0x0000000754600000, 0x0000000754600000| Untracked 
| 126|0x0000000754800000, 0x0000000754800000, 0x0000000754a00000|  0%| F|  |TAMS 0x0000000754800000, 0x0000000754800000| Untracked 
| 127|0x0000000754a00000, 0x0000000754a00000, 0x0000000754c00000|  0%| F|  |TAMS 0x0000000754a00000, 0x0000000754a00000| Untracked 
| 128|0x0000000754c00000, 0x0000000754c00000, 0x0000000754e00000|  0%| F|  |TAMS 0x0000000754c00000, 0x0000000754c00000| Untracked 
| 129|0x0000000754e00000, 0x0000000754e00000, 0x0000000755000000|  0%| F|  |TAMS 0x0000000754e00000, 0x0000000754e00000| Untracked 
| 130|0x0000000755000000, 0x0000000755000000, 0x0000000755200000|  0%| F|  |TAMS 0x0000000755000000, 0x0000000755000000| Untracked 
| 131|0x0000000755200000, 0x0000000755200000, 0x0000000755400000|  0%| F|  |TAMS 0x0000000755200000, 0x0000000755200000| Untracked 
| 132|0x0000000755400000, 0x0000000755400000, 0x0000000755600000|  0%| F|  |TAMS 0x0000000755400000, 0x0000000755400000| Untracked 
| 133|0x0000000755600000, 0x0000000755600000, 0x0000000755800000|  0%| F|  |TAMS 0x0000000755600000, 0x0000000755600000| Untracked 
| 134|0x0000000755800000, 0x0000000755800000, 0x0000000755a00000|  0%| F|  |TAMS 0x0000000755800000, 0x0000000755800000| Untracked 
| 135|0x0000000755a00000, 0x0000000755a00000, 0x0000000755c00000|  0%| F|  |TAMS 0x0000000755a00000, 0x0000000755a00000| Untracked 
| 136|0x0000000755c00000, 0x0000000755c00000, 0x0000000755e00000|  0%| F|  |TAMS 0x0000000755c00000, 0x0000000755c00000| Untracked 
| 137|0x0000000755e00000, 0x0000000755e00000, 0x0000000756000000|  0%| F|  |TAMS 0x0000000755e00000, 0x0000000755e00000| Untracked 
| 138|0x0000000756000000, 0x0000000756000000, 0x0000000756200000|  0%| F|  |TAMS 0x0000000756000000, 0x0000000756000000| Untracked 
| 139|0x0000000756200000, 0x0000000756200000, 0x0000000756400000|  0%| F|  |TAMS 0x0000000756200000, 0x0000000756200000| Untracked 
| 140|0x0000000756400000, 0x0000000756400000, 0x0000000756600000|  0%| F|  |TAMS 0x0000000756400000, 0x0000000756400000| Untracked 
| 141|0x0000000756600000, 0x00000007566f4e20, 0x0000000756800000| 47%| E|  |TAMS 0x0000000756600000, 0x0000000756600000| Complete 
| 142|0x0000000756800000, 0x00000007568dcfe0, 0x0000000756a00000| 43%| S|CS|TAMS 0x0000000756800000, 0x0000000756800000| Complete 
| 143|0x0000000756a00000, 0x0000000756c00000, 0x0000000756c00000|100%| E|CS|TAMS 0x0000000756a00000, 0x0000000756a00000| Complete 
| 144|0x0000000756c00000, 0x0000000756e00000, 0x0000000756e00000|100%| E|CS|TAMS 0x0000000756c00000, 0x0000000756c00000| Complete 
| 145|0x0000000756e00000, 0x0000000757000000, 0x0000000757000000|100%| E|CS|TAMS 0x0000000756e00000, 0x0000000756e00000| Complete 

Card table byte_map: [0x000001ee2b6a0000,0x000001ee2bc80000] _byte_map_base: 0x000001ee27c7a000

Marking Bits (Prev, Next): (CMBitMap*) 0x000001ee2077e920, (CMBitMap*) 0x000001ee2077e8e0
 Prev Bits: [0x000001ee2f130000, 0x000001ee32000000)
 Next Bits: [0x000001ee2c260000, 0x000001ee2f130000)

Polling page: 0x000001ee1e660000

Metaspace:

Usage:
  Non-class:     59.96 MB used.
      Class:     10.31 MB used.
       Both:     70.27 MB used.

Virtual space:
  Non-class space:       64.00 MB reserved,      60.31 MB ( 94%) committed,  1 nodes.
      Class space:        1.00 GB reserved,      10.62 MB (  1%) committed,  1 nodes.
             Both:        1.06 GB reserved,      70.94 MB (  7%) committed. 

Chunk freelists:
   Non-Class:  3.15 MB
       Class:  5.26 MB
        Both:  8.41 MB

MaxMetaspaceSize: unlimited
CompressedClassSpaceSize: 1.00 GB
Initial GC threshold: 21.00 MB
Current GC threshold: 108.06 MB
CDS: on
MetaspaceReclaimPolicy: balanced
 - commit_granule_bytes: 65536.
 - commit_granule_words: 8192.
 - virtual_space_node_default_size: 8388608.
 - enlarge_chunks_in_place: 1.
 - new_chunks_are_fully_committed: 0.
 - uncommit_free_chunks: 1.
 - use_allocation_guard: 0.
 - handle_deallocations: 1.


Internal statistics:

num_allocs_failed_limit: 6.
num_arena_births: 986.
num_arena_deaths: 0.
num_vsnodes_births: 2.
num_vsnodes_deaths: 0.
num_space_committed: 1135.
num_space_uncommitted: 0.
num_chunks_returned_to_freelist: 6.
num_chunks_taken_from_freelist: 3740.
num_chunk_merges: 6.
num_chunk_splits: 2667.
num_chunks_enlarged: 2027.
num_purges: 0.
num_inconsistent_stats: 0.

CodeCache: size=49152Kb used=19093Kb max_used=19093Kb free=30058Kb
 bounds [0x000001ee27fb0000, 0x000001ee29260000, 0x000001ee2afb0000]
 total_blobs=10864 nmethods=10174 adapters=613
 compilation: enabled
              stopped_count=0, restarted_count=0
 full_count=0

Compilation events (20 events):
Event: 39.611 Thread 0x000001ee7b92be80 10024   !   1       org.apache.tomcat.util.net.SocketProcessorBase::run (54 bytes)
Event: 39.611 Thread 0x000001ee34a49cb0 nmethod 10023 0x000001ee291c1990 code [0x000001ee291c1b20, 0x000001ee291c1bd8]
Event: 39.611 Thread 0x000001ee7c665bc0 10025   !   1       org.apache.tomcat.util.net.NioEndpoint$SocketProcessor::doRun (600 bytes)
Event: 39.611 Thread 0x000001ee34a49cb0 10026   !   1       org.apache.coyote.AbstractProtocol$ConnectionHandler::process (1288 bytes)
Event: 39.612 Thread 0x000001ee7b92be80 nmethod 10024 0x000001ee291c1c90 code [0x000001ee291c1e60, 0x000001ee291c20a8]
Event: 39.612 Thread 0x000001ee7b92be80 10044       1       org.springframework.context.event.SimpleApplicationEventMulticaster::multicastEvent (89 bytes)
Event: 39.613 Thread 0x000001ee7b92be80 nmethod 10044 0x000001ee291c2290 code [0x000001ee291c2480, 0x000001ee291c2758]
Event: 39.613 Thread 0x000001ee7b92be80 10027       1       org.apache.coyote.AbstractProcessorLight::process (289 bytes)
Event: 39.617 Thread 0x000001ee7b92be80 nmethod 10027 0x000001ee291c2910 code [0x000001ee291c2c00, 0x000001ee291c34d8]
Event: 39.618 Thread 0x000001ee7b92be80 10046       1       com.mysql.cj.protocol.a.NativeProtocol::checkTransactionState (40 bytes)
Event: 39.618 Thread 0x000001ee7c665bc0 nmethod 10025 0x000001ee291c3d10 code [0x000001ee291c40a0, 0x000001ee291c5208]
Event: 39.618 Thread 0x000001ee7c665bc0 10045   !   1       org.apache.catalina.core.StandardContext::unbind (92 bytes)
Event: 39.618 Thread 0x000001ee7b92be80 nmethod 10046 0x000001ee291c6910 code [0x000001ee291c6ac0, 0x000001ee291c6cd8]
Event: 39.618 Thread 0x000001ee7b92be80 10028       1       org.apache.coyote.http11.Http11Processor::prepareExpectation (65 bytes)
Event: 39.619 Thread 0x000001ee7b92be80 nmethod 10028 0x000001ee291c6e10 code [0x000001ee291c7000, 0x000001ee291c7278]
Event: 39.619 Thread 0x000001ee7c665bc0 nmethod 10045 0x000001ee291c7490 code [0x000001ee291c76c0, 0x000001ee291c7d58]
Event: 39.619 Thread 0x000001ee7b92be80 10029       1       org.apache.catalina.realm.RealmBase::findSecurityConstraints (1214 bytes)
Event: 39.619 Thread 0x000001ee7c665bc0 10030       1       org.apache.catalina.authenticator.AuthenticatorBase::getJaspicProvider (23 bytes)
Event: 39.620 Thread 0x000001ee7c665bc0 nmethod 10030 0x000001ee291c8110 code [0x000001ee291c82c0, 0x000001ee291c8428]
Event: 39.620 Thread 0x000001ee7c665bc0 10031   !   1       org.apache.catalina.core.StandardContextValve::invoke (175 bytes)

GC Heap History (20 events):
Event: 10.442 GC heap before
{Heap before GC invocations=21 (full 0):
 garbage-first heap   total 61440K, used 48431K [0x0000000744c00000, 0x0000000800000000)
  region size 2048K, 9 young (18432K), 1 survivors (2048K)
 Metaspace       used 61613K, committed 62208K, reserved 1114112K
  class space    used 9057K, committed 9344K, reserved 1048576K
}
Event: 10.444 GC heap after
{Heap after GC invocations=22 (full 0):
 garbage-first heap   total 102400K, used 32058K [0x0000000744c00000, 0x0000000800000000)
  region size 2048K, 1 young (2048K), 1 survivors (2048K)
 Metaspace       used 61613K, committed 62208K, reserved 1114112K
  class space    used 9057K, committed 9344K, reserved 1048576K
}
Event: 10.792 GC heap before
{Heap before GC invocations=23 (full 0):
 garbage-first heap   total 102400K, used 77114K [0x0000000744c00000, 0x0000000800000000)
  region size 2048K, 23 young (47104K), 1 survivors (2048K)
 Metaspace       used 62578K, committed 63232K, reserved 1114112K
  class space    used 9195K, committed 9536K, reserved 1048576K
}
Event: 10.795 GC heap after
{Heap after GC invocations=24 (full 0):
 garbage-first heap   total 102400K, used 33271K [0x0000000744c00000, 0x0000000800000000)
  region size 2048K, 2 young (4096K), 2 survivors (4096K)
 Metaspace       used 62578K, committed 63232K, reserved 1114112K
  class space    used 9195K, committed 9536K, reserved 1048576K
}
Event: 11.444 GC heap before
{Heap before GC invocations=24 (full 0):
 garbage-first heap   total 102400K, used 76279K [0x0000000744c00000, 0x0000000800000000)
  region size 2048K, 24 young (49152K), 2 survivors (4096K)
 Metaspace       used 65586K, committed 66176K, reserved 1114112K
  class space    used 9582K, committed 9856K, reserved 1048576K
}
Event: 11.451 GC heap after
{Heap after GC invocations=25 (full 0):
 garbage-first heap   total 102400K, used 40914K [0x0000000744c00000, 0x0000000800000000)
  region size 2048K, 3 young (6144K), 3 survivors (6144K)
 Metaspace       used 65586K, committed 66176K, reserved 1114112K
  class space    used 9582K, committed 9856K, reserved 1048576K
}
Event: 11.601 GC heap before
{Heap before GC invocations=25 (full 0):
 garbage-first heap   total 102400K, used 75730K [0x0000000744c00000, 0x0000000800000000)
  region size 2048K, 21 young (43008K), 3 survivors (6144K)
 Metaspace       used 65681K, committed 66368K, reserved 1114112K
  class space    used 9596K, committed 9920K, reserved 1048576K
}
Event: 11.610 GC heap after
{Heap after GC invocations=26 (full 0):
 garbage-first heap   total 102400K, used 50397K [0x0000000744c00000, 0x0000000800000000)
  region size 2048K, 3 young (6144K), 3 survivors (6144K)
 Metaspace       used 65681K, committed 66368K, reserved 1114112K
  class space    used 9596K, committed 9920K, reserved 1048576K
}
Event: 11.657 GC heap before
{Heap before GC invocations=26 (full 0):
 garbage-first heap   total 102400K, used 74973K [0x0000000744c00000, 0x0000000800000000)
  region size 2048K, 16 young (32768K), 3 survivors (6144K)
 Metaspace       used 65681K, committed 66368K, reserved 1114112K
  class space    used 9596K, committed 9920K, reserved 1048576K
}
Event: 11.664 GC heap after
{Heap after GC invocations=27 (full 0):
 garbage-first heap   total 102400K, used 57610K [0x0000000744c00000, 0x0000000800000000)
  region size 2048K, 2 young (4096K), 2 survivors (4096K)
 Metaspace       used 65681K, committed 66368K, reserved 1114112K
  class space    used 9596K, committed 9920K, reserved 1048576K
}
Event: 11.744 GC heap before
{Heap before GC invocations=27 (full 0):
 garbage-first heap   total 102400K, used 73994K [0x0000000744c00000, 0x0000000800000000)
  region size 2048K, 11 young (22528K), 2 survivors (4096K)
 Metaspace       used 65681K, committed 66368K, reserved 1114112K
  class space    used 9596K, committed 9920K, reserved 1048576K
}
Event: 11.750 GC heap after
{Heap after GC invocations=28 (full 0):
 garbage-first heap   total 102400K, used 63373K [0x0000000744c00000, 0x0000000800000000)
  region size 2048K, 2 young (4096K), 2 survivors (4096K)
 Metaspace       used 65681K, committed 66368K, reserved 1114112K
  class space    used 9596K, committed 9920K, reserved 1048576K
}
Event: 11.799 GC heap before
{Heap before GC invocations=28 (full 0):
 garbage-first heap   total 102400K, used 77709K [0x0000000744c00000, 0x0000000800000000)
  region size 2048K, 10 young (20480K), 2 survivors (4096K)
 Metaspace       used 65681K, committed 66368K, reserved 1114112K
  class space    used 9596K, committed 9920K, reserved 1048576K
}
Event: 11.804 GC heap after
{Heap after GC invocations=29 (full 0):
 garbage-first heap   total 102400K, used 67790K [0x0000000744c00000, 0x0000000800000000)
  region size 2048K, 2 young (4096K), 2 survivors (4096K)
 Metaspace       used 65681K, committed 66368K, reserved 1114112K
  class space    used 9596K, committed 9920K, reserved 1048576K
}
Event: 11.834 GC heap before
{Heap before GC invocations=29 (full 0):
 garbage-first heap   total 122880K, used 78030K [0x0000000744c00000, 0x0000000800000000)
  region size 2048K, 8 young (16384K), 2 survivors (4096K)
 Metaspace       used 65681K, committed 66368K, reserved 1114112K
  class space    used 9596K, committed 9920K, reserved 1048576K
}
Event: 11.840 GC heap after
{Heap after GC invocations=30 (full 0):
 garbage-first heap   total 299008K, used 71933K [0x0000000744c00000, 0x0000000800000000)
  region size 2048K, 1 young (2048K), 1 survivors (2048K)
 Metaspace       used 65681K, committed 66368K, reserved 1114112K
  class space    used 9596K, committed 9920K, reserved 1048576K
}
Event: 26.514 GC heap before
{Heap before GC invocations=31 (full 0):
 garbage-first heap   total 299008K, used 180477K [0x0000000744c00000, 0x0000000800000000)
  region size 2048K, 55 young (112640K), 1 survivors (2048K)
 Metaspace       used 71957K, committed 72640K, reserved 1114112K
  class space    used 10556K, committed 10880K, reserved 1048576K
}
Event: 26.548 GC heap after
{Heap after GC invocations=32 (full 0):
 garbage-first heap   total 299008K, used 76422K [0x0000000744c00000, 0x0000000800000000)
  region size 2048K, 4 young (8192K), 4 survivors (8192K)
 Metaspace       used 71957K, committed 72640K, reserved 1114112K
  class space    used 10556K, committed 10880K, reserved 1048576K
}
Event: 39.344 GC heap before
{Heap before GC invocations=32 (full 0):
 garbage-first heap   total 299008K, used 82566K [0x0000000744c00000, 0x0000000800000000)
  region size 2048K, 7 young (14336K), 4 survivors (8192K)
 Metaspace       used 71957K, committed 72640K, reserved 1114112K
  class space    used 10556K, committed 10880K, reserved 1048576K
}
Event: 39.355 GC heap after
{Heap after GC invocations=33 (full 0):
 garbage-first heap   total 299008K, used 75086K [0x0000000744c00000, 0x0000000800000000)
  region size 2048K, 1 young (2048K), 1 survivors (2048K)
 Metaspace       used 71957K, committed 72640K, reserved 1114112K
  class space    used 10556K, committed 10880K, reserved 1048576K
}

Deoptimization events (16 events):
Event: 2.128 Thread 0x000001ee20726920 DEOPT PACKING pc=0x000001ee284b9b79 sp=0x000000e56c4fd880
Event: 2.129 Thread 0x000001ee20726920 DEOPT UNPACKING pc=0x000001ee280066e3 sp=0x000000e56c4fcd60 mode 3
Event: 2.536 Thread 0x000001ee20726920 DEOPT PACKING pc=0x000001ee285204d5 sp=0x000000e56c4fdfa0
Event: 2.537 Thread 0x000001ee20726920 DEOPT UNPACKING pc=0x000001ee280066e3 sp=0x000000e56c4fd448 mode 3
Event: 4.387 Thread 0x000001ee20726920 DEOPT PACKING pc=0x000001ee2867016c sp=0x000000e56c4fd6a0
Event: 4.387 Thread 0x000001ee20726920 DEOPT UNPACKING pc=0x000001ee280066e3 sp=0x000000e56c4fcb58 mode 0
Event: 4.858 Thread 0x000001ee20726920 DEOPT PACKING pc=0x000001ee28780e25 sp=0x000000e56c4fd820
Event: 4.858 Thread 0x000001ee20726920 DEOPT UNPACKING pc=0x000001ee280066e3 sp=0x000000e56c4fcd88 mode 3
Event: 9.314 Thread 0x000001ee20726920 DEOPT PACKING pc=0x000001ee28512354 sp=0x000000e56c4fca70
Event: 9.314 Thread 0x000001ee20726920 DEOPT UNPACKING pc=0x000001ee280066e3 sp=0x000000e56c4fbfc8 mode 0
Event: 9.813 Thread 0x000001ee20726920 DEOPT PACKING pc=0x000001ee28549d52 sp=0x000000e56c4fcc20
Event: 9.813 Thread 0x000001ee20726920 DEOPT UNPACKING pc=0x000001ee280066e3 sp=0x000000e56c4fc128 mode 3
Event: 9.814 Thread 0x000001ee20726920 DEOPT PACKING pc=0x000001ee284eb8d5 sp=0x000000e56c4fcbe0
Event: 9.814 Thread 0x000001ee20726920 DEOPT UNPACKING pc=0x000001ee280066e3 sp=0x000000e56c4fc128 mode 3
Event: 11.337 Thread 0x000001ee20726920 DEOPT PACKING pc=0x000001ee28cf3393 sp=0x000000e56c4fd5e0
Event: 11.337 Thread 0x000001ee20726920 DEOPT UNPACKING pc=0x000001ee280066e3 sp=0x000000e56c4fcb28 mode 3

Classes unloaded (0 events):
No events

Classes redefined (0 events):
No events

Internal exceptions (20 events):
Event: 11.889 Thread 0x000001ee7b927d60 Exception <a 'sun/nio/fs/WindowsException'{0x00000007568fa930}> (0x00000007568fa930) 
thrown [s\open\src\hotspot\share\prims\jni.cpp, line 516]
Event: 11.889 Thread 0x000001ee7b927d60 Exception <a 'sun/nio/fs/WindowsException'{0x00000007568fb280}> (0x00000007568fb280) 
thrown [s\open\src\hotspot\share\prims\jni.cpp, line 516]
Event: 11.889 Thread 0x000001ee7b927d60 Exception <a 'sun/nio/fs/WindowsException'{0x00000007568fb590}> (0x00000007568fb590) 
thrown [s\open\src\hotspot\share\prims\jni.cpp, line 516]
Event: 11.889 Thread 0x000001ee7b927d60 Exception <a 'sun/nio/fs/WindowsException'{0x00000007568fbef8}> (0x00000007568fbef8) 
thrown [s\open\src\hotspot\share\prims\jni.cpp, line 516]
Event: 11.890 Thread 0x000001ee7b927d60 Exception <a 'sun/nio/fs/WindowsException'{0x00000007568fc220}> (0x00000007568fc220) 
thrown [s\open\src\hotspot\share\prims\jni.cpp, line 516]
Event: 11.890 Thread 0x000001ee7b927d60 Exception <a 'sun/nio/fs/WindowsException'{0x00000007568fcb80}> (0x00000007568fcb80) 
thrown [s\open\src\hotspot\share\prims\jni.cpp, line 516]
Event: 11.890 Thread 0x000001ee7b927d60 Exception <a 'sun/nio/fs/WindowsException'{0x00000007568fcea0}> (0x00000007568fcea0) 
thrown [s\open\src\hotspot\share\prims\jni.cpp, line 516]
Event: 12.051 Thread 0x000001ee20726920 Exception <a 'java/lang/NoSuchMethodError'{0x0000000753a04848}: 'int java.lang.invoke.DirectMethodHandle$Holder.invokeStaticInit(java.lang.Object, java.lang.Object, java.lang.Object, java.lang.Object)'> (0x0000000753a04848) 
thrown [s\open\src\hotspot\share\interpreter\linkResolver.cpp, line 759]
Event: 12.339 Thread 0x000001ee20726920 Exception <a 'java/lang/NoSuchMethodError'{0x0000000752dd23a8}: 'java.lang.Object java.lang.invoke.DirectMethodHandle$Holder.newInvokeSpecial(java.lang.Object, java.lang.Object, int, java.lang.Object, java.lang.Object)'> (0x0000000752dd23a8) 
thrown [s\open\src\hotspot\share\interpreter\linkResolver.cpp, line 759]
Event: 12.340 Thread 0x000001ee20726920 Exception <a 'java/lang/NoSuchMethodError'{0x0000000752ddd640}: 'java.lang.Object java.lang.invoke.DirectMethodHandle$Holder.invokeSpecial(java.lang.Object, java.lang.Object, int, java.lang.Object, int, java.lang.Object)'> (0x0000000752ddd640) 
thrown [s\open\src\hotspot\share\interpreter\linkResolver.cpp, line 759]
Event: 12.341 Thread 0x000001ee20726920 Exception <a 'java/lang/NoSuchMethodError'{0x0000000752de53b8}: 'java.lang.Object java.lang.invoke.DirectMethodHandle$Holder.newInvokeSpecial(java.lang.Object, java.lang.Object, int, java.lang.Object, int)'> (0x0000000752de53b8) 
thrown [s\open\src\hotspot\share\interpreter\linkResolver.cpp, line 759]
Event: 12.341 Thread 0x000001ee20726920 Exception <a 'java/lang/NoSuchMethodError'{0x0000000752de94b8}: 'java.lang.Object java.lang.invoke.DirectMethodHandle$Holder.invokeSpecial(java.lang.Object, java.lang.Object, java.lang.Object, int, java.lang.Object, int)'> (0x0000000752de94b8) 
thrown [s\open\src\hotspot\share\interpreter\linkResolver.cpp, line 759]
Event: 21.014 Thread 0x000001ee7b928700 Exception <a 'java/lang/NoSuchMethodError'{0x00000007527b55a8}: 'java.lang.Object java.lang.invoke.DirectMethodHandle$Holder.invokeSpecial(java.lang.Object, java.lang.Object, java.lang.Object, java.lang.Object, java.lang.Object, long)'> (0x00000007527b55a8) 
thrown [s\open\src\hotspot\share\interpreter\linkResolver.cpp, line 759]
Event: 21.015 Thread 0x000001ee7b928700 Exception <a 'java/lang/NoSuchMethodError'{0x00000007527b8fe8}: 'java.lang.Object java.lang.invoke.Invokers$Holder.linkToTargetMethod(java.lang.Object, java.lang.Object, java.lang.Object, long, java.lang.Object)'> (0x00000007527b8fe8) 
thrown [s\open\src\hotspot\share\interpreter\linkResolver.cpp, line 759]
Event: 21.415 Thread 0x000001ee7b928bd0 Exception <a 'java/lang/NoSuchMethodError'{0x0000000751dd68f8}: 'void java.lang.invoke.DirectMethodHandle$Holder.invokeSpecialIFC(java.lang.Object, java.lang.Object, int, java.lang.Object, java.lang.Object, java.lang.Object, java.lang.Object)'> (0x0000000751dd68f8) 
thrown [s\open\src\hotspot\share\interpreter\linkResolver.cpp, line 759]
Event: 21.415 Thread 0x000001ee7b927890 Exception <a 'java/lang/NoSuchMethodError'{0x0000000751d89820}: 'void java.lang.invoke.DirectMethodHandle$Holder.invokeSpecialIFC(java.lang.Object, java.lang.Object, int, java.lang.Object, java.lang.Object, java.lang.Object, java.lang.Object)'> (0x0000000751d89820) 
thrown [s\open\src\hotspot\share\interpreter\linkResolver.cpp, line 759]
Event: 21.416 Thread 0x000001ee7b928230 Exception <a 'java/lang/NoSuchMethodError'{0x0000000751d69d10}: 'void java.lang.invoke.DirectMethodHandle$Holder.invokeSpecialIFC(java.lang.Object, java.lang.Object, int, java.lang.Object, java.lang.Object, java.lang.Object, java.lang.Object)'> (0x0000000751d69d10) 
thrown [s\open\src\hotspot\share\interpreter\linkResolver.cpp, line 759]
Event: 21.415 Thread 0x000001ee7b928700 Exception <a 'java/lang/NoSuchMethodError'{0x0000000751dec480}: 'void java.lang.invoke.DirectMethodHandle$Holder.invokeSpecialIFC(java.lang.Object, java.lang.Object, int, java.lang.Object, java.lang.Object, java.lang.Object, java.lang.Object)'> (0x0000000751dec480) 
thrown [s\open\src\hotspot\share\interpreter\linkResolver.cpp, line 759]
Event: 21.674 Thread 0x000001ee7c636570 Exception <a 'java/lang/NoSuchMethodError'{0x0000000751759fb0}: 'java.lang.Object java.lang.invoke.DirectMethodHandle$Holder.invokeInterface(java.lang.Object, java.lang.Object, java.lang.Object, java.lang.Object)'> (0x0000000751759fb0) 
thrown [s\open\src\hotspot\share\interpreter\linkResolver.cpp, line 759]
Event: 21.856 Thread 0x000001ee7c636570 Exception <a 'java/lang/IncompatibleClassChangeError'{0x0000000751534dd8}: Found class java.lang.Object, but interface was expected> (0x0000000751534dd8) 
thrown [s\open\src\hotspot\share\interpreter\linkResolver.cpp, line 826]

VM Operations (20 events):
Event: 21.992 Executing VM operation: HandshakeAllThreads
Event: 21.992 Executing VM operation: HandshakeAllThreads done
Event: 22.999 Executing VM operation: Cleanup
Event: 22.999 Executing VM operation: Cleanup done
Event: 24.001 Executing VM operation: Cleanup
Event: 24.002 Executing VM operation: Cleanup done
Event: 25.011 Executing VM operation: Cleanup
Event: 25.011 Executing VM operation: Cleanup done
Event: 26.023 Executing VM operation: Cleanup
Event: 26.137 Executing VM operation: Cleanup done
Event: 26.506 Executing VM operation: G1CollectForAllocation
Event: 26.548 Executing VM operation: G1CollectForAllocation done
Event: 27.563 Executing VM operation: Cleanup
Event: 27.564 Executing VM operation: Cleanup done
Event: 35.642 Executing VM operation: Cleanup
Event: 35.643 Executing VM operation: Cleanup done
Event: 36.655 Executing VM operation: Cleanup
Event: 36.671 Executing VM operation: Cleanup done
Event: 39.344 Executing VM operation: G1CollectForAllocation
Event: 39.356 Executing VM operation: G1CollectForAllocation done

Events (20 events):
Event: 21.489 Thread 0x000001ee7c633ef0 Thread added: 0x000001ee7c633ef0
Event: 21.526 loading class java/util/OptionalLong
Event: 21.526 loading class java/util/OptionalLong done
Event: 21.526 loading class java/util/OptionalDouble
Event: 21.527 loading class java/util/OptionalDouble done
Event: 21.529 loading class java/util/stream/LongStream
Event: 21.530 loading class java/util/stream/LongStream done
Event: 21.530 loading class java/util/stream/DoubleStream
Event: 21.530 loading class java/util/stream/DoubleStream done
Event: 21.806 loading class jdk/internal/reflect/UnsafeBooleanFieldAccessorImpl
Event: 21.806 loading class jdk/internal/reflect/UnsafeBooleanFieldAccessorImpl done
Event: 22.040 loading class org/w3c/dom/Node
Event: 22.041 loading class org/w3c/dom/Node done
Event: 22.041 loading class org/w3c/dom/Document
Event: 22.042 loading class org/w3c/dom/Document done
Event: 22.278 loading class java/util/concurrent/atomic/Striped64$Cell
Event: 22.279 loading class java/util/concurrent/atomic/Striped64$Cell done
Event: 26.597 Thread 0x000001ee7c633ef0 Thread exited: 0x000001ee7c633ef0
Event: 39.380 Thread 0x000001ee7b92be80 Thread added: 0x000001ee7b92be80
Event: 39.381 Thread 0x000001ee7c665bc0 Thread added: 0x000001ee7c665bc0


Dynamic libraries:
0x00007ff6296e0000 - 0x00007ff6296f0000 	C:\Program Files\Java\jdk-17\bin\java.exe
0x00007ff8ef030000 - 0x00007ff8ef246000 	C:\WINDOWS\SYSTEM32\ntdll.dll
0x00007ff89cca0000 - 0x00007ff89ccb9000 	C:\Program Files\Avast Software\Avast\aswhook.dll
0x00007ff8ee3a0000 - 0x00007ff8ee464000 	C:\WINDOWS\System32\KERNEL32.DLL
0x00007ff8ec4a0000 - 0x00007ff8ec846000 	C:\WINDOWS\System32\KERNELBASE.dll
0x00007ff8ecc60000 - 0x00007ff8ecd71000 	C:\WINDOWS\System32\ucrtbase.dll
0x00007ff8e3050000 - 0x00007ff8e3069000 	C:\Program Files\Java\jdk-17\bin\jli.dll
0x00007ff8ecf70000 - 0x00007ff8ed022000 	C:\WINDOWS\System32\ADVAPI32.dll
0x00007ff8eddd0000 - 0x00007ff8ede77000 	C:\WINDOWS\System32\msvcrt.dll
0x00007ff8ee270000 - 0x00007ff8ee318000 	C:\WINDOWS\System32\sechost.dll
0x00007ff8ec850000 - 0x00007ff8ec878000 	C:\WINDOWS\System32\bcrypt.dll
0x00007ff8ee0a0000 - 0x00007ff8ee1b5000 	C:\WINDOWS\System32\RPCRT4.dll
0x00007ff8ecd80000 - 0x00007ff8ecf2d000 	C:\WINDOWS\System32\USER32.dll
0x00007ff8ec900000 - 0x00007ff8ec926000 	C:\WINDOWS\System32\win32u.dll
0x00007ff8ed030000 - 0x00007ff8ed059000 	C:\WINDOWS\System32\GDI32.dll
0x00007ff8ecb40000 - 0x00007ff8ecc58000 	C:\WINDOWS\System32\gdi32full.dll
0x00007ff8ec930000 - 0x00007ff8ec9ca000 	C:\WINDOWS\System32\msvcp_win.dll
0x00007ff8dec10000 - 0x00007ff8deea3000 	C:\WINDOWS\WinSxS\amd64_microsoft.windows.common-controls_6595b64144ccf1df_6.0.22621.3235_none_270f74e173860f98\COMCTL32.dll
0x00007ff8d7190000 - 0x00007ff8d71ab000 	C:\Program Files\Java\jdk-17\bin\VCRUNTIME140.dll
0x00007ff8e0df0000 - 0x00007ff8e0dfa000 	C:\WINDOWS\SYSTEM32\VERSION.dll
0x00007ff8ecf30000 - 0x00007ff8ecf61000 	C:\WINDOWS\System32\IMM32.DLL
0x00007ff8e3040000 - 0x00007ff8e304c000 	C:\Program Files\Java\jdk-17\bin\vcruntime140_1.dll
0x00007ff8cff60000 - 0x00007ff8cffee000 	C:\Program Files\Java\jdk-17\bin\msvcp140.dll
0x00007ff860770000 - 0x00007ff86134e000 	C:\Program Files\Java\jdk-17\bin\server\jvm.dll
0x00007ff8edb00000 - 0x00007ff8edb08000 	C:\WINDOWS\System32\PSAPI.DLL
0x00007ff8c9680000 - 0x00007ff8c9689000 	C:\WINDOWS\SYSTEM32\WSOCK32.dll
0x00007ff8df8d0000 - 0x00007ff8df904000 	C:\WINDOWS\SYSTEM32\WINMM.dll
0x00007ff8ed060000 - 0x00007ff8ed0d1000 	C:\WINDOWS\System32\WS2_32.dll
0x00007ff8eb4a0000 - 0x00007ff8eb4b8000 	C:\WINDOWS\SYSTEM32\kernel.appcore.dll
0x00007ff8dfad0000 - 0x00007ff8dfada000 	C:\Program Files\Java\jdk-17\bin\jimage.dll
0x00007ff8e9c40000 - 0x00007ff8e9e73000 	C:\WINDOWS\SYSTEM32\DBGHELP.DLL
0x00007ff8ee470000 - 0x00007ff8ee7f8000 	C:\WINDOWS\System32\combase.dll
0x00007ff8edb10000 - 0x00007ff8edbe7000 	C:\WINDOWS\System32\OLEAUT32.dll
0x00007ff8ddf10000 - 0x00007ff8ddf42000 	C:\WINDOWS\SYSTEM32\dbgcore.DLL
0x00007ff8ec880000 - 0x00007ff8ec8fa000 	C:\WINDOWS\System32\bcryptPrimitives.dll
0x00007ff8def60000 - 0x00007ff8def6e000 	C:\Program Files\Java\jdk-17\bin\instrument.dll
0x00007ff8d70c0000 - 0x00007ff8d70e5000 	C:\Program Files\Java\jdk-17\bin\java.dll
0x00007ff8cfa60000 - 0x00007ff8cfb37000 	C:\Program Files\Java\jdk-17\bin\jsvml.dll
0x00007ff8ed2a0000 - 0x00007ff8edafd000 	C:\WINDOWS\System32\SHELL32.dll
0x00007ff8ea2e0000 - 0x00007ff8eabd8000 	C:\WINDOWS\SYSTEM32\windows.storage.dll
0x00007ff8ea1a0000 - 0x00007ff8ea2de000 	C:\WINDOWS\SYSTEM32\wintypes.dll
0x00007ff8eea70000 - 0x00007ff8eeb63000 	C:\WINDOWS\System32\SHCORE.dll
0x00007ff8edd50000 - 0x00007ff8eddae000 	C:\WINDOWS\System32\shlwapi.dll
0x00007ff8ec2a0000 - 0x00007ff8ec2c6000 	C:\WINDOWS\SYSTEM32\profapi.dll
0x00007ff8d0b50000 - 0x00007ff8d0b68000 	C:\Program Files\Java\jdk-17\bin\zip.dll
0x00007ff8d70a0000 - 0x00007ff8d70b9000 	C:\Program Files\Java\jdk-17\bin\net.dll
0x00007ff8e2db0000 - 0x00007ff8e2ee7000 	C:\WINDOWS\SYSTEM32\WINHTTP.dll
0x00007ff8eb920000 - 0x00007ff8eb989000 	C:\WINDOWS\system32\mswsock.dll
0x00007ff8d12a0000 - 0x00007ff8d12b6000 	C:\Program Files\Java\jdk-17\bin\nio.dll
0x00007ff8cf960000 - 0x00007ff8cf97a000 	C:\Program Files\JetBrains\IntelliJ IDEA 2023.2.1\bin\breakgen64.dll
0x00007ff8eaf20000 - 0x00007ff8eb019000 	C:\WINDOWS\SYSTEM32\DNSAPI.dll
0x00007ff8eaeb0000 - 0x00007ff8eaedd000 	C:\WINDOWS\SYSTEM32\IPHLPAPI.DLL
0x00007ff8ee020000 - 0x00007ff8ee029000 	C:\WINDOWS\System32\NSI.dll
0x00007ff8e0f00000 - 0x00007ff8e0f0a000 	C:\Windows\System32\rasadhlp.dll
0x00007ff8dbc10000 - 0x00007ff8dbc93000 	C:\WINDOWS\System32\fwpuclnt.dll
0x00007ff8d7090000 - 0x00007ff8d709a000 	C:\Program Files\Java\jdk-17\bin\management.dll
0x00007ff8d6f40000 - 0x00007ff8d6f4b000 	C:\Program Files\Java\jdk-17\bin\management_ext.dll
0x00007ff8ebb70000 - 0x00007ff8ebb8b000 	C:\WINDOWS\SYSTEM32\CRYPTSP.dll
0x00007ff8eb400000 - 0x00007ff8eb435000 	C:\WINDOWS\system32\rsaenh.dll
0x00007ff8eba10000 - 0x00007ff8eba3c000 	C:\WINDOWS\SYSTEM32\USERENV.dll
0x00007ff8ebb90000 - 0x00007ff8ebb9c000 	C:\WINDOWS\SYSTEM32\CRYPTBASE.dll
0x00007ff8e2120000 - 0x00007ff8e2139000 	C:\WINDOWS\SYSTEM32\dhcpcsvc6.DLL
0x00007ff8e2100000 - 0x00007ff8e211f000 	C:\WINDOWS\SYSTEM32\dhcpcsvc.DLL
0x00007ff8c1940000 - 0x00007ff8c1957000 	C:\WINDOWS\system32\napinsp.dll
0x00007ff8bb890000 - 0x00007ff8bb8ab000 	C:\WINDOWS\system32\pnrpnsp.dll
0x00007ff8bb870000 - 0x00007ff8bb881000 	C:\WINDOWS\System32\winrnr.dll
0x00007ff8bb850000 - 0x00007ff8bb865000 	C:\WINDOWS\system32\wshbth.dll
0x00007ff8bb750000 - 0x00007ff8bb771000 	C:\WINDOWS\system32\nlansp_c.dll
0x00007ff8d0b40000 - 0x00007ff8d0b4e000 	C:\Program Files\Java\jdk-17\bin\sunmscapi.dll
0x00007ff8ec9d0000 - 0x00007ff8ecb36000 	C:\WINDOWS\System32\CRYPT32.dll
0x00007ff8ebd10000 - 0x00007ff8ebd3e000 	C:\WINDOWS\SYSTEM32\ncrypt.dll
0x00007ff8ebcd0000 - 0x00007ff8ebd07000 	C:\WINDOWS\SYSTEM32\NTASN1.dll
0x00007ff8d4da0000 - 0x00007ff8d4db0000 	C:\Program Files\Java\jdk-17\bin\verify.dll
0x00007ff8bbd30000 - 0x00007ff8bbd38000 	C:\WINDOWS\system32\wshunix.dll

dbghelp: loaded successfully - version: 4.0.5 - missing functions: none
symbol engine: initialized successfully - sym options: 0x614 - pdb path: .;C:\Program Files\Java\jdk-17\bin;C:\WINDOWS\SYSTEM32;C:\Program Files\Avast Software\Avast;C:\WINDOWS\WinSxS\amd64_microsoft.windows.common-controls_6595b64144ccf1df_6.0.22621.3235_none_270f74e173860f98;C:\Program Files\Java\jdk-17\bin\server;C:\Program Files\JetBrains\IntelliJ IDEA 2023.2.1\bin

VM Arguments:
jvm_args: -XX:TieredStopAtLevel=1 -Dspring.output.ansi.enabled=always -Dcom.sun.management.jmxremote -Dspring.jmx.enabled=true -Dspring.liveBeansView.mbeanDomain -Dspring.application.admin.enabled=true -Dmanagement.endpoints.jmx.exposure.include=* -javaagent:C:\Program Files\JetBrains\IntelliJ IDEA 2023.2.1\lib\idea_rt.jar=64168:C:\Program Files\JetBrains\IntelliJ IDEA 2023.2.1\bin -Dfile.encoding=UTF-8 
java_command: tn.spring.pispring.PiSpringApplication
java_class_path (initial): C:\Users\Mekni\Desktop\Nouveau dossier (3)\PISpring\target\classes;C:\Users\Mekni\.m2\repository\org\springframework\boot\spring-boot-starter-data-jpa\3.1.8\spring-boot-starter-data-jpa-3.1.8.jar;C:\Users\Mekni\.m2\repository\org\springframework\boot\spring-boot-starter-aop\3.1.8\spring-boot-starter-aop-3.1.8.jar;C:\Users\Mekni\.m2\repository\org\springframework\spring-aop\6.0.16\spring-aop-6.0.16.jar;C:\Users\Mekni\.m2\repository\org\aspectj\aspectjweaver\1.9.21\aspectjweaver-1.9.21.jar;C:\Users\Mekni\.m2\repository\org\springframework\boot\spring-boot-starter-jdbc\3.1.8\spring-boot-starter-jdbc-3.1.8.jar;C:\Users\Mekni\.m2\repository\com\zaxxer\HikariCP\5.0.1\HikariCP-5.0.1.jar;C:\Users\Mekni\.m2\repository\org\springframework\spring-jdbc\6.0.16\spring-jdbc-6.0.16.jar;C:\Users\Mekni\.m2\repository\org\springframework\data\spring-data-jpa\3.1.8\spring-data-jpa-3.1.8.jar;C:\Users\Mekni\.m2\repository\org\springframework\data\spring-data-commons\3.1.8\spring-data-commons-3.1.8.jar;C:\Users\Mekni\.m2\repository\org\springframework\spring-orm\6.0.16\spring-orm-6.0.16.jar;C:\Users\Mekni\.m2\repository\org\springframework\spring-context\6.0.16\spring-context-6.0.16.jar;C:\Users\Mekni\.m2\repository\org\springframework\spring-tx\6.0.16\spring-tx-6.0.16.jar;C:\Users\Mekni\.m2\repository\org\springframework\spring-beans\6.0.16\spring-beans-6.0.16.jar;C:\Users\Mekni\.m2\repository\jakarta\annotation\jakarta.annotation-api\2.1.1\jakarta.annotation-api-2.1.1.jar;C:\Users\Mekni\.m2\repository\org\slf4j\slf4j-api\2.0.11\slf4j-api-2.0.11.jar;C:\Users\Mekni\.m2\repository\org\springframework\spring-aspects\6.0.16\spring-aspects-6.0.16.jar;C:\Users\Mekni\.m2\repository\org\springframework\boot\spring-boot-starter-web\3.1.8\spring-boot-starter-web-3.1.8.jar;C:\Users\Mekni\.m2\repository\org\springframework\boot\spring-boot-starter\3.1.8\spring-boot-starter-3.1.8.jar;C:\Users\Mekni\.m2\repository\org\springframework\boot\spring-boot\3.1.8\spring-boot-3.1.
Launcher Type: SUN_STANDARD

[Global flags]
     intx CICompilerCount                          = 4                                         {product} {ergonomic}
     uint ConcGCThreads                            = 2                                         {product} {ergonomic}
     uint G1ConcRefinementThreads                  = 8                                         {product} {ergonomic}
   size_t G1HeapRegionSize                         = 2097152                                   {product} {ergonomic}
    uintx GCDrainStackTargetSize                   = 64                                        {product} {ergonomic}
   size_t InitialHeapSize                          = 197132288                                 {product} {ergonomic}
     bool ManagementServer                         = true                                      {product} {command line}
   size_t MarkStackSize                            = 4194304                                   {product} {ergonomic}
   size_t MaxHeapSize                              = 3141533696                                {product} {ergonomic}
   size_t MaxNewSize                               = 1883242496                                {product} {ergonomic}
   size_t MinHeapDeltaBytes                        = 2097152                                   {product} {ergonomic}
   size_t MinHeapSize                              = 8388608                                   {product} {ergonomic}
    uintx NonProfiledCodeHeapSize                  = 0                                      {pd product} {ergonomic}
     bool ProfileInterpreter                       = false                                  {pd product} {command line}
    uintx ProfiledCodeHeapSize                     = 0                                      {pd product} {ergonomic}
   size_t SoftMaxHeapSize                          = 3141533696                             {manageable} {ergonomic}
     intx TieredStopAtLevel                        = 1                                         {product} {command line}
     bool UseCompressedClassPointers               = true                           {product lp64_product} {ergonomic}
     bool UseCompressedOops                        = true                           {product lp64_product} {ergonomic}
     bool UseG1GC                                  = true                                      {product} {ergonomic}
     bool UseLargePagesIndividualAllocation        = false                                  {pd product} {ergonomic}

Logging:
Log output configuration:
 #0: stdout all=warning uptime,level,tags
 #1: stderr all=off uptime,level,tags

Environment Variables:
PATH=C:\oraclexe\app\oracle\product\10.2.0\server\bin;C:\Program Files (x86)\VMware\VMware Workstation\bin\;C:\Program Files\Common Files\Oracle\Java\javapath;C:\Program Files (x86)\Common Files\Oracle\Java\javapath;C:\PySchool\3.10-32-bit\Scripts;C:\PySchool\3.10-32-bit;C:\oraclexe\app\oracle\product\11.2.0\server\bin;C:\Windows\system32;C:\Windows;C:\Windows\System32\Wbem;C:\Windows\System32\WindowsPowerShell\v1.0\;C:\Windows\System32\OpenSSH\;C:\Program Files (x86)\NVIDIA Corporation\PhysX\Common;C:\Program Files\NVIDIA Corporation\NVIDIA NvDLISR;C:\WINDOWS\system32;C:\WINDOWS;C:\WINDOWS\System32\Wbem;C:\WINDOWS\System32\WindowsPowerShell\v1.0\;C:\WINDOWS\System32\OpenSSH\;C:\ProgramData\ComposerSetup\bin;C:\Program Files\Microsoft SQL Server\150\Tools\Binn\;C:\Program Files\Microsoft SQL Server\Client SDK\ODBC\170\Tools\Binn\;C:\Program Files\dotnet\;C:\Program Files\nodejs\;C:\Program Files\Git\cmd;C:\Users\Mekni\scoop\shims;C:\Users\Mekni\AppData\Local\Microsoft\WindowsApps;C:\Program Files\Java\jdk1.8.0_301\bin;C:\Program Files\JetBrains\PhpStorm 2023.1.3\bin;;C:\Users\Mekni\AppData\Local\Programs\Microsoft VS Code\bin;C:\Users\Mekni\AppData\Roaming\Composer\vendor\bin;C:\xampp\php;C:\Users\Mekni\.dotnet\tools;C:\Users\Mekni\AppData\Roaming\npm
USERNAME=Mekni
OS=Windows_NT
PROCESSOR_IDENTIFIER=Intel64 Family 6 Model 140 Stepping 1, GenuineIntel



---------------  S Y S T E M  ---------------

OS:
 Windows 11 , 64 bit Build 22621 (10.0.22621.3235)
OS uptime: 1 days 1:23 hours

CPU: total 8 (initial active 8) (4 cores per cpu, 2 threads per core) family 6 model 140 stepping 1 microcode 0x86, cx8, cmov, fxsr, ht, mmx, 3dnowpref, sse, sse2, sse3, ssse3, sse4.1, sse4.2, popcnt, lzcnt, tsc, tscinvbit, avx, avx2, aes, erms, clmul, bmi1, bmi2, adx, avx512f, avx512dq, avx512cd, avx512bw, avx512vl, sha, fma, vzeroupper, avx512_vpopcntdq, avx512_vpclmulqdq, avx512_vaes, avx512_vnni, clflush, clflushopt, clwb, avx512_vbmi2, avx512_vbmi

Memory: 4k page, system-wide physical 11982M (360M free)
TotalPageFile size 48846M (AvailPageFile size 8M)
current process WorkingSet (physical memory assigned to process): 133M, peak: 332M
current process commit charge ("private bytes"): 511M, peak: 511M

vm_info: Java HotSpot(TM) 64-Bit Server VM (17.0.8+9-LTS-211) for windows-amd64 JRE (17.0.8+9-LTS-211), built on Jun 14 2023 10:34:31 by "mach5one" with MS VC++ 17.1 (VS2022)

END.
